<?xml version="1.0" encoding="UTF-8"?>
<!-- Generated by org.testng.reporters.JUnitXMLReporter -->
<testsuite ignored="0" hostname="DESKTOP-JS9Q4ST" failures="1" tests="3" name="TestNG Listener Test" time="0.149" errors="0" timestamp="2022-12-31T21:40:16 IST">
  <testcase classname="TestNGListeners" name="test1" time="0.018"/>
  <testcase classname="TestNGListeners" name="test2" time="0.004">
    <failure type="java.lang.AssertionError" message="expected [shinde] but found [rahul]">
      <![CDATA[java.lang.AssertionError: expected [shinde] but found [rahul]
at TestNGListeners.test2(TestNGListeners.java:19)
at java.base/java.util.ArrayList.forEach(ArrayList.java:1511)
... Removed 33 stack frames]]>
    </failure>
  </testcase> <!-- test2 -->
  <testcase classname="TestNGListeners" name="test3" time="0.008">
    <skipped/>
  </testcase> <!-- test3 -->
</testsuite> <!-- TestNG Listener Test -->
