<?xml version="1.0" encoding="UTF-8"?>
<!-- Generated by org.testng.reporters.JUnitXMLReporter -->
<testsuite ignored="0" hostname="DESKTOP-JS9Q4ST" failures="1" tests="4" name="parallel Classes test" time="109.199" errors="0" timestamp="2022-12-30T11:58:49 IST">
  <testcase classname="TestNGParallelMethods" name="facebookPageAssertion" time="65.848"/>
  <testcase classname="TestNGParallelClasses" name="frameHandling1" time="77.796">
    <failure type="org.openqa.selenium.NoSuchFrameException" message="No frame element found by name or id packageFrame
Build info: version: &amp;apos;4.6.0&amp;apos;, revision: &amp;apos;79f1c02ae20&amp;apos;
System info: os.name: &amp;apos;Windows 10&amp;apos;, os.arch: &amp;apos;amd64&amp;apos;, os.version: &amp;apos;10.0&amp;apos;, java.version: &amp;apos;17.0.1&amp;apos;
Driver info: driver.version: unknown">
      <![CDATA[org.openqa.selenium.NoSuchFrameException: No frame element found by name or id packageFrame
Build info: version: '4.6.0', revision: '79f1c02ae20'
System info: os.name: 'Windows 10', os.arch: 'amd64', os.version: '10.0', java.version: '17.0.1'
Driver info: driver.version: unknown
at org.openqa.selenium.remote.RemoteWebDriver$RemoteTargetLocator.frame(RemoteWebDriver.java:1013)
at TestNGParallelClasses.frameHandling1(TestNGParallelClasses.java:21)
at java.base/java.util.concurrent.ThreadPoolExecutor.runWorker(ThreadPoolExecutor.java:1136)
at java.base/java.util.concurrent.ThreadPoolExecutor$Worker.run(ThreadPoolExecutor.java:635)
at java.base/java.lang.Thread.run(Thread.java:833)
... Removed 12 stack frames]]>
    </failure>
  </testcase> <!-- frameHandling1 -->
  <testcase classname="TestNGParallelClasses" name="frameHandling2" time="31.134"/>
  <testcase classname="TestNGParallelMethods" name="testSoftAssertion" time="43.263"/>
</testsuite> <!-- parallel Classes test -->
